{
    Rotation = {
        {
            "weight",
            {
                0.30022616637895,
                -0.95357273085423,
                0.023733857516436
            }
        },
        {
            "trt",
            {
                -0.67223854100836,
                -0.22917135901653,
                -0.70397147114742
            }
        },
        {
            "gfg",
            {
                0.67672711856726,
                0.19539584227339,
                -0.70983157989619
            }
        }
    },
    StandardDeviations = {
        1.2357072133423,
        0.97368238749371,
        0.72454833598488
    }
}
